Nov-16 19:05:43.351 [main] DEBUG nextflow.cli.Launcher - $> nextflow run variant_calling.nf -resume
Nov-16 19:05:43.601 [main] DEBUG nextflow.cli.CmdRun - N E X T F L O W  ~  version 24.07.0-edge
Nov-16 19:05:43.640 [main] DEBUG nextflow.plugin.PluginsFacade - Setting up plugin manager > mode=prod; embedded=false; plugins-dir=/root/.nextflow/plugins; core-plugins: nf-amazon@2.7.0,nf-azure@1.8.1,nf-cloudcache@0.4.2,nf-codecommit@0.2.2,nf-console@1.1.4,nf-google@1.14.0,nf-tower@1.9.2,nf-wave@1.5.0
Nov-16 19:05:43.687 [main] INFO  o.pf4j.DefaultPluginStatusProvider - Enabled plugins: []
Nov-16 19:05:43.689 [main] INFO  o.pf4j.DefaultPluginStatusProvider - Disabled plugins: []
Nov-16 19:05:43.696 [main] INFO  org.pf4j.DefaultPluginManager - PF4J version 3.12.0 in 'deployment' mode
Nov-16 19:05:43.722 [main] INFO  org.pf4j.AbstractPluginManager - No plugins
Nov-16 19:05:43.769 [main] DEBUG nextflow.config.ConfigBuilder - Found config local: /home/zekepuli/Documents/zeke_repositories/nf_variant_calling/nextflow.config
Nov-16 19:05:43.776 [main] DEBUG nextflow.config.ConfigBuilder - Parsing config file: /home/zekepuli/Documents/zeke_repositories/nf_variant_calling/nextflow.config
Nov-16 19:05:43.839 [main] DEBUG n.secret.LocalSecretsProvider - Secrets store: /root/.nextflow/secrets/store.json
Nov-16 19:05:43.847 [main] DEBUG nextflow.secret.SecretsLoader - Discovered secrets providers: [nextflow.secret.LocalSecretsProvider@14a54ef6] - activable => nextflow.secret.LocalSecretsProvider@14a54ef6
Nov-16 19:05:43.865 [main] DEBUG nextflow.config.ConfigBuilder - Applying config profile: `standard`
Nov-16 19:05:44.745 [main] DEBUG nextflow.cli.CmdRun - Applied DSL=2 by global default
Nov-16 19:05:44.787 [main] DEBUG nextflow.cli.CmdRun - Launching `variant_calling.nf` [high_swirles] DSL2 - revision: 09b4c05db6
Nov-16 19:05:44.792 [main] DEBUG nextflow.plugin.PluginsFacade - Plugins default=[]
Nov-16 19:05:44.793 [main] DEBUG nextflow.plugin.PluginsFacade - Plugins resolved requirement=[]
Nov-16 19:05:44.964 [main] DEBUG nextflow.Session - Session UUID: f4c54a61-5889-40b7-beff-734c5fb58584
Nov-16 19:05:44.965 [main] DEBUG nextflow.Session - Run name: high_swirles
Nov-16 19:05:44.966 [main] DEBUG nextflow.Session - Executor pool size: 4
Nov-16 19:05:44.982 [main] DEBUG nextflow.file.FilePorter - File porter settings maxRetries=3; maxTransfers=50; pollTimeout=null
Nov-16 19:05:44.995 [main] DEBUG nextflow.util.ThreadPoolBuilder - Creating thread pool 'FileTransfer' minSize=10; maxSize=12; workQueue=LinkedBlockingQueue[10000]; allowCoreThreadTimeout=false
Nov-16 19:05:45.042 [main] DEBUG nextflow.cli.CmdRun - 
  Version: 24.07.0-edge build 5923
  Created: 05-08-2024 20:21 UTC (17:21 ARST)
  System: Linux 6.6.87.2-microsoft-standard-WSL2
  Runtime: Groovy 4.0.22 on OpenJDK 64-Bit Server VM 17.0.16+8-Ubuntu-0ubuntu122.04.1
  Encoding: UTF-8 (UTF-8)
  Process: 64529@DESKTOP-V3LSSVQ [127.0.1.1]
  CPUs: 4 - Mem: 15.6 GB (8.6 GB) - Swap: 4 GB (4 GB)
Nov-16 19:05:45.114 [main] DEBUG nextflow.Session - Work-dir: /home/zekepuli/Documents/zeke_repositories/nf_variant_calling/work [ext2/ext3]
Nov-16 19:05:45.116 [main] DEBUG nextflow.Session - Script base path does not exist or is not a directory: /home/zekepuli/Documents/zeke_repositories/nf_variant_calling/bin
Nov-16 19:05:45.140 [main] DEBUG nextflow.executor.ExecutorFactory - Extension executors providers=[]
Nov-16 19:05:45.161 [main] DEBUG nextflow.Session - Observer factory: DefaultObserverFactory
Nov-16 19:05:45.210 [main] DEBUG nextflow.cache.CacheFactory - Using Nextflow cache factory: nextflow.cache.DefaultCacheFactory
Nov-16 19:05:45.230 [main] DEBUG nextflow.util.CustomThreadPool - Creating default thread pool > poolSize: 5; maxThreads: 1000
Nov-16 19:05:45.405 [main] DEBUG nextflow.Session - Session start
Nov-16 19:05:45.935 [main] DEBUG nextflow.script.ScriptRunner - > Launching execution
Nov-16 19:05:46.351 [main] DEBUG nextflow.script.ScriptRunner - Parsed script files:
  Script_d308e890398ea28b: /home/zekepuli/Documents/zeke_repositories/nf_variant_calling/variant_calling.nf
  Script_93a1814bedcf87c5: /home/zekepuli/Documents/zeke_repositories/nf_variant_calling/modules/samtools_index.nf
Nov-16 19:05:46.363 [main] DEBUG nextflow.Session - 
Thread[Signal Dispatcher,9,system]

Thread[Notification Thread,9,system]

Thread[Finalizer,8,system]
  java.base@17.0.16/java.lang.Object.wait(Native Method)
  java.base@17.0.16/java.lang.ref.ReferenceQueue.remove(ReferenceQueue.java:155)
  java.base@17.0.16/java.lang.ref.ReferenceQueue.remove(ReferenceQueue.java:176)
  java.base@17.0.16/java.lang.ref.Finalizer$FinalizerThread.run(Finalizer.java:172)

Thread[Common-Cleaner,8,InnocuousThreadGroup]
  java.base@17.0.16/java.lang.Object.wait(Native Method)
  java.base@17.0.16/java.lang.ref.ReferenceQueue.remove(ReferenceQueue.java:155)
  java.base@17.0.16/jdk.internal.ref.CleanerImpl.run(CleanerImpl.java:140)
  java.base@17.0.16/java.lang.Thread.run(Thread.java:840)
  java.base@17.0.16/jdk.internal.misc.InnocuousThread.run(InnocuousThread.java:162)

Thread[ForkJoinPool.commonPool-worker-2,5,main]
  java.base@17.0.16/jdk.internal.misc.Unsafe.park(Native Method)
  java.base@17.0.16/java.util.concurrent.locks.LockSupport.park(LockSupport.java:341)
  java.base@17.0.16/java.util.concurrent.ForkJoinPool.awaitWork(ForkJoinPool.java:1724)
  java.base@17.0.16/java.util.concurrent.ForkJoinPool.runWorker(ForkJoinPool.java:1623)
  java.base@17.0.16/java.util.concurrent.ForkJoinWorkerThread.run(ForkJoinWorkerThread.java:165)

Thread[main,5,main]
  java.base@17.0.16/java.lang.Thread.dumpThreads(Native Method)
  java.base@17.0.16/java.lang.Thread.getAllStackTraces(Thread.java:1671)
  app//nextflow.util.SysHelper.dumpThreads(SysHelper.groovy:188)
  app//nextflow.Session.abort(Session.groovy:792)
  app//nextflow.script.ScriptRunner.execute(ScriptRunner.groovy:149)
  app//nextflow.cli.CmdRun.run(CmdRun.groovy:372)
  app//nextflow.cli.Launcher.run(Launcher.groovy:503)
  app//nextflow.cli.Launcher.main(Launcher.groovy:657)

Thread[Reference Handler,10,system]
  java.base@17.0.16/java.lang.ref.Reference.waitForReferencePendingList(Native Method)
  java.base@17.0.16/java.lang.ref.Reference.processPendingReferences(Reference.java:253)
  java.base@17.0.16/java.lang.ref.Reference$ReferenceHandler.run(Reference.java:215)

Thread[AnsiLogObserver,5,main]
  java.base@17.0.16/java.lang.Object.wait(Native Method)
  app//nextflow.trace.AnsiLogObserver.render0(AnsiLogObserver.groovy:185)
  java.base@17.0.16/jdk.internal.reflect.NativeMethodAccessorImpl.invoke0(Native Method)
  java.base@17.0.16/jdk.internal.reflect.NativeMethodAccessorImpl.invoke(NativeMethodAccessorImpl.java:77)
  java.base@17.0.16/jdk.internal.reflect.DelegatingMethodAccessorImpl.invoke(DelegatingMethodAccessorImpl.java:43)
  java.base@17.0.16/java.lang.reflect.Method.invoke(Method.java:569)
  app//org.codehaus.groovy.reflection.CachedMethod.invoke(CachedMethod.java:343)
  app//groovy.lang.MetaMethod.doMethodInvoke(MetaMethod.java:328)
  app//groovy.lang.MetaClassImpl.doInvokeMethod(MetaClassImpl.java:1333)
  app//groovy.lang.MetaClassImpl.invokeMethod(MetaClassImpl.java:1088)
  app//groovy.lang.MetaClassImpl.invokeMethodClosure(MetaClassImpl.java:1017)
  app//groovy.lang.MetaClassImpl.doInvokeMethod(MetaClassImpl.java:1207)
  app//groovy.lang.MetaClassImpl.invokeMethod(MetaClassImpl.java:1088)
  app//groovy.lang.MetaClassImpl.invokeMethod(MetaClassImpl.java:1007)
  app//groovy.lang.Closure.call(Closure.java:433)
  app//groovy.lang.Closure.call(Closure.java:412)
  app//groovy.lang.Closure.run(Closure.java:505)
  java.base@17.0.16/java.lang.Thread.run(Thread.java:840)

Thread[process reaper,10,system]
  java.base@17.0.16/jdk.internal.misc.Unsafe.park(Native Method)
  java.base@17.0.16/java.util.concurrent.locks.LockSupport.parkNanos(LockSupport.java:252)
  java.base@17.0.16/java.util.concurrent.SynchronousQueue$TransferStack.transfer(SynchronousQueue.java:401)
  java.base@17.0.16/java.util.concurrent.SynchronousQueue.poll(SynchronousQueue.java:903)
  java.base@17.0.16/java.util.concurrent.ThreadPoolExecutor.getTask(ThreadPoolExecutor.java:1061)
  java.base@17.0.16/java.util.concurrent.ThreadPoolExecutor.runWorker(ThreadPoolExecutor.java:1122)
  java.base@17.0.16/java.util.concurrent.ThreadPoolExecutor$Worker.run(ThreadPoolExecutor.java:635)
  java.base@17.0.16/java.lang.Thread.run(Thread.java:840)

Thread[Thread-1,5,main]
  java.base@17.0.16/jdk.internal.misc.Unsafe.park(Native Method)
  java.base@17.0.16/java.util.concurrent.locks.LockSupport.parkNanos(LockSupport.java:252)
  java.base@17.0.16/java.util.concurrent.locks.AbstractQueuedSynchronizer$ConditionObject.awaitNanos(AbstractQueuedSynchronizer.java:1679)
  java.base@17.0.16/java.util.concurrent.LinkedBlockingDeque.pollFirst(LinkedBlockingDeque.java:515)
  java.base@17.0.16/java.util.concurrent.LinkedBlockingDeque.poll(LinkedBlockingDeque.java:677)
  app//nextflow.util.SimpleAgent.run(SimpleAgent.groovy:89)
  java.base@17.0.16/jdk.internal.reflect.NativeMethodAccessorImpl.invoke0(Native Method)
  java.base@17.0.16/jdk.internal.reflect.NativeMethodAccessorImpl.invoke(NativeMethodAccessorImpl.java:77)
  java.base@17.0.16/jdk.internal.reflect.DelegatingMethodAccessorImpl.invoke(DelegatingMethodAccessorImpl.java:43)
  java.base@17.0.16/java.lang.reflect.Method.invoke(Method.java:569)
  app//org.codehaus.groovy.reflection.CachedMethod.invoke(CachedMethod.java:343)
  app//groovy.lang.MetaMethod.doMethodInvoke(MetaMethod.java:328)
  app//groovy.lang.MetaClassImpl.doInvokeMethod(MetaClassImpl.java:1333)
  app//groovy.lang.MetaClassImpl.invokeMethod(MetaClassImpl.java:1088)
  app//groovy.lang.MetaClassImpl.invokeMethodClosure(MetaClassImpl.java:1017)
  app//groovy.lang.MetaClassImpl.doInvokeMethod(MetaClassImpl.java:1207)
  app//groovy.lang.MetaClassImpl.invokeMethod(MetaClassImpl.java:1088)
  app//groovy.lang.MetaClassImpl.invokeMethod(MetaClassImpl.java:1007)
  app//groovy.lang.Closure.call(Closure.java:433)
  app//groovy.lang.Closure.call(Closure.java:412)
  app//groovy.lang.Closure.run(Closure.java:505)
  java.base@17.0.16/java.lang.Thread.run(Thread.java:840)

Thread[ForkJoinPool.commonPool-worker-1,5,main]
  java.base@17.0.16/jdk.internal.misc.Unsafe.park(Native Method)
  java.base@17.0.16/java.util.concurrent.locks.LockSupport.parkUntil(LockSupport.java:410)
  java.base@17.0.16/java.util.concurrent.ForkJoinPool.awaitWork(ForkJoinPool.java:1726)
  java.base@17.0.16/java.util.concurrent.ForkJoinPool.runWorker(ForkJoinPool.java:1623)
  java.base@17.0.16/java.util.concurrent.ForkJoinWorkerThread.run(ForkJoinWorkerThread.java:165)

Nov-16 19:05:46.372 [main] ERROR nextflow.cli.Launcher - Module compilation error
- file : /home/zekepuli/Documents/zeke_repositories/nf_variant_calling/modules/gatk.nf
- cause: Invalid process definition -- Make sure the process ends with a script wrapped by quote characters @ line 31, column 1.
   process GATK_JOINTGENOTYPING {
   ^

1 error

nextflow.exception.ScriptCompilationException: Module compilation error
- file : /home/zekepuli/Documents/zeke_repositories/nf_variant_calling/modules/gatk.nf
- cause: Invalid process definition -- Make sure the process ends with a script wrapped by quote characters @ line 31, column 1.
   process GATK_JOINTGENOTYPING {
   ^

1 error

	at nextflow.script.ScriptParser.parse0(ScriptParser.groovy:196)
	at nextflow.script.ScriptParser.parse(ScriptParser.groovy:206)
	at nextflow.script.ScriptParser.runScript(ScriptParser.groovy:221)
	at nextflow.script.IncludeDef.memoizedMethodPriv$loadModule0PathMapSession(IncludeDef.groovy:142)
	at nextflow.script.IncludeDef.access$0(IncludeDef.groovy)
	at nextflow.script.IncludeDef$__clinit__closure2.doCall(IncludeDef.groovy)
	at java.base/jdk.internal.reflect.NativeMethodAccessorImpl.invoke0(Native Method)
	at java.base/jdk.internal.reflect.NativeMethodAccessorImpl.invoke(NativeMethodAccessorImpl.java:77)
	at java.base/jdk.internal.reflect.DelegatingMethodAccessorImpl.invoke(DelegatingMethodAccessorImpl.java:43)
	at java.base/java.lang.reflect.Method.invoke(Method.java:569)
	at org.codehaus.groovy.reflection.CachedMethod.invoke(CachedMethod.java:343)
	at groovy.lang.MetaMethod.doMethodInvoke(MetaMethod.java:328)
	at org.codehaus.groovy.runtime.metaclass.ClosureMetaClass.invokeMethod(ClosureMetaClass.java:279)
	at groovy.lang.MetaClassImpl.invokeMethod(MetaClassImpl.java:1007)
	at groovy.lang.Closure.call(Closure.java:433)
	at org.codehaus.groovy.runtime.memoize.Memoize$MemoizeFunction.lambda$call$0(Memoize.java:137)
	at org.codehaus.groovy.runtime.memoize.ConcurrentCommonCache.getAndPut(ConcurrentCommonCache.java:137)
	at org.codehaus.groovy.runtime.memoize.ConcurrentCommonCache.getAndPut(ConcurrentCommonCache.java:113)
	at org.codehaus.groovy.runtime.memoize.Memoize$MemoizeFunction.call(Memoize.java:136)
	at nextflow.script.IncludeDef.loadModule0(IncludeDef.groovy)
	at nextflow.script.IncludeDef.load0(IncludeDef.groovy:114)
	at org.codehaus.groovy.vmplugin.v8.IndyInterface.fromCache(IndyInterface.java:321)
	at Script_d308e890398ea28b.runScript(Script_d308e890398ea28b:23)
	at org.codehaus.groovy.vmplugin.v8.IndyInterface.fromCache(IndyInterface.java:321)
	at nextflow.script.BaseScript.run0(BaseScript.groovy:159)
	at org.codehaus.groovy.vmplugin.v8.IndyInterface.fromCache(IndyInterface.java:321)
	at nextflow.script.BaseScript.run(BaseScript.groovy:209)
	at nextflow.script.ScriptParser.runScript(ScriptParser.groovy:236)
	at nextflow.script.ScriptRunner.run(ScriptRunner.groovy:243)
	at nextflow.script.ScriptRunner.execute(ScriptRunner.groovy:138)
	at nextflow.cli.CmdRun.run(CmdRun.groovy:372)
	at nextflow.cli.Launcher.run(Launcher.groovy:503)
	at nextflow.cli.Launcher.main(Launcher.groovy:657)
Caused by: org.codehaus.groovy.control.MultipleCompilationErrorsException: startup failed:
Script_4ebfbcbb51120fdb: 31: Invalid process definition -- Make sure the process ends with a script wrapped by quote characters @ line 31, column 1.
   process GATK_JOINTGENOTYPING {
   ^

1 error

	at org.codehaus.groovy.control.ErrorCollector.failIfErrors(ErrorCollector.java:292)
	at org.codehaus.groovy.control.CompilationUnit$IPrimaryClassNodeOperation.doPhaseOperation(CompilationUnit.java:980)
	at org.codehaus.groovy.control.CompilationUnit.processPhaseOperations(CompilationUnit.java:692)
	at org.codehaus.groovy.control.CompilationUnit.compile(CompilationUnit.java:666)
	at groovy.lang.GroovyClassLoader.doParseClass(GroovyClassLoader.java:373)
	at groovy.lang.GroovyClassLoader.lambda$parseClass$2(GroovyClassLoader.java:316)
	at org.codehaus.groovy.runtime.memoize.StampedCommonCache.compute(StampedCommonCache.java:163)
	at org.codehaus.groovy.runtime.memoize.StampedCommonCache.getAndPut(StampedCommonCache.java:154)
	at groovy.lang.GroovyClassLoader.parseClass(GroovyClassLoader.java:314)
	at groovy.lang.GroovyShell.parseClass(GroovyShell.java:572)
	at groovy.lang.GroovyShell.parse(GroovyShell.java:585)
	at groovy.lang.GroovyShell.parse(GroovyShell.java:639)
	at groovy.lang.GroovyShell.parse(GroovyShell.java:643)
	at nextflow.script.ScriptParser.parse0(ScriptParser.groovy:175)
	... 32 common frames omitted
